#
# There is insufficient memory for the Java Runtime Environment to continue.
# Native memory allocation (malloc) failed to allocate 1185056 bytes for Chunk::new
# Possible reasons:
#   The system is out of physical RAM or swap space
#   In 32 bit mode, the process size limit was hit
# Possible solutions:
#   Reduce memory load on the system
#   Increase physical memory or swap space
#   Check if swap backing store is full
#   Use 64 bit Java on a 64 bit OS
#   Decrease Java heap size (-Xmx/-Xms)
#   Decrease number of Java threads
#   Decrease Java thread stack sizes (-Xss)
#   Set larger code cache with -XX:ReservedCodeCacheSize=
# This output file may be truncated or incomplete.
#
#  Out of Memory Error (allocation.cpp:390), pid=1272, tid=0x0000000000003ba8
#
# JRE version: OpenJDK Runtime Environment (8.0_152-b01) (build 1.8.0_152-release-915-b01)
# Java VM: OpenJDK 64-Bit Server VM (25.152-b01 mixed mode windows-amd64 compressed oops)
# Failed to write core dump. Minidumps are not enabled by default on client versions of Windows
#

---------------  T H R E A D  ---------------

Current thread (0x00000000170ec000):  JavaThread "C2 CompilerThread1" daemon [_thread_in_native, id=15272, stack(0x0000000018ae0000,0x0000000018be0000)]

Stack: [0x0000000018ae0000,0x0000000018be0000]
[error occurred during error reporting (printing stack bounds), id 0xc0000005]

Native frames: (J=compiled Java code, j=interpreted, Vv=VM code, C=native code)


Current CompileTask:
C2:14110979 25097   !   4       com.android.ide.common.res2.DataMerger::mergeData (603 bytes)


---------------  P R O C E S S  ---------------

Java Threads: ( => current thread )
  0x000000001d409000 JavaThread "pool-17-thread-1" [_thread_blocked, id=145176, stack(0x000000003bcc0000,0x000000003bdc0000)]
  0x000000001d407800 JavaThread "stdout" daemon [_thread_in_native, id=145736, stack(0x000000003bbc0000,0x000000003bcc0000)]
  0x000000001d403800 JavaThread "stderr" daemon [_thread_in_native, id=145724, stack(0x000000003bac0000,0x000000003bbc0000)]
  0x000000001d404800 JavaThread "stdout" daemon [_thread_in_native, id=144776, stack(0x000000003b9c0000,0x000000003bac0000)]
  0x000000001d3fc000 JavaThread "stderr" daemon [_thread_in_native, id=144744, stack(0x000000003b8c0000,0x000000003b9c0000)]
  0x000000001d401800 JavaThread "stdout" daemon [_thread_in_native, id=146072, stack(0x000000003b7c0000,0x000000003b8c0000)]
  0x000000001d3fd800 JavaThread "stderr" daemon [_thread_in_native, id=100508, stack(0x000000003b6c0000,0x000000003b7c0000)]
  0x000000001d400000 JavaThread "stdout" daemon [_thread_in_native, id=144736, stack(0x000000003b5c0000,0x000000003b6c0000)]
  0x000000001d402000 JavaThread "stderr" daemon [_thread_in_native, id=146384, stack(0x000000003b4c0000,0x000000003b5c0000)]
  0x000000001d3fe800 JavaThread "queued-resource-processor_40" daemon [_thread_blocked, id=146412, stack(0x000000003b3c0000,0x000000003b4c0000)]
  0x000000001d403000 JavaThread "queued-resource-processor_39" daemon [_thread_blocked, id=146388, stack(0x000000003b2c0000,0x000000003b3c0000)]
  0x000000001a4fd000 JavaThread "queued-resource-processor_38" daemon [_thread_blocked, id=144764, stack(0x000000003b1c0000,0x000000003b2c0000)]
  0x000000001a4fc000 JavaThread "queued-resource-processor_37" daemon [_thread_blocked, id=144760, stack(0x000000003b0c0000,0x000000003b1c0000)]
  0x000000001a4ff000 JavaThread "Task worker for ':' Thread 3" [_thread_blocked, id=145608, stack(0x000000003afc0000,0x000000003b0c0000)]
  0x000000001a4fb800 JavaThread "Task worker for ':' Thread 2" [_thread_blocked, id=144816, stack(0x000000003aec0000,0x000000003afc0000)]
  0x000000001a4fe800 JavaThread "Task worker for ':'" [_thread_blocked, id=146236, stack(0x000000003adc0000,0x000000003aec0000)]
  0x000000001a4fd800 JavaThread "Cache worker for task history cache (F:\AndroidstudioWorkSpace_dianshang_Y\WeiDuShopping2\.gradle\4.1\taskHistory)" [_thread_blocked, id=146336, stack(0x000000003acc0000,0x000000003adc0000)]
  0x000000001a4fa800 JavaThread "Cache worker for file content cache (F:\AndroidstudioWorkSpace_dianshang_Y\WeiDuShopping2\.gradle\4.1\fileContent)" [_thread_blocked, id=146092, stack(0x000000003abc0000,0x000000003acc0000)]
  0x000000001a4f3000 JavaThread "build operations Thread 4" [_thread_blocked, id=145632, stack(0x000000003aac0000,0x000000003abc0000)]
  0x000000001a4fa000 JavaThread "build operations Thread 3" [_thread_blocked, id=145752, stack(0x000000003a9c0000,0x000000003aac0000)]
  0x000000001a4f2800 JavaThread "build operations Thread 2" [_thread_blocked, id=145864, stack(0x000000003a8c0000,0x000000003a9c0000)]
  0x000000001a4f9000 JavaThread "build operations" [_thread_blocked, id=145652, stack(0x000000003a7c0000,0x000000003a8c0000)]
  0x000000001a4f1800 JavaThread "Cache worker for Artifact transforms cache (C:\Users\DELL\.gradle\caches\transforms-1)" [_thread_blocked, id=145820, stack(0x000000003a6c0000,0x000000003a7c0000)]
  0x000000001a4f5800 JavaThread "Cache worker for file hash cache (F:\AndroidstudioWorkSpace_dianshang_Y\WeiDuShopping2\.gradle\4.1\fileHashes)" [_thread_blocked, id=145788, stack(0x000000003a5c0000,0x000000003a6c0000)]
  0x000000001a4f8800 JavaThread "Stdin handler" [_thread_blocked, id=145264, stack(0x000000003a4c0000,0x000000003a5c0000)]
  0x000000001a4f7800 JavaThread "Asynchronous log dispatcher for DefaultDaemonConnection: socket connection from /127.0.0.1:59388 to /127.0.0.1:63161" [_thread_blocked, id=144700, stack(0x000000003a3c0000,0x000000003a4c0000)]
  0x000000001a4f4000 JavaThread "Daemon worker Thread 9" [_thread_in_native, id=145744, stack(0x000000003a2c0000,0x000000003a3c0000)]
  0x000000001a4f1000 JavaThread "Cancel handler" [_thread_blocked, id=145448, stack(0x000000003a1c0000,0x000000003a2c0000)]
  0x000000001a4f4800 JavaThread "Handler for socket connection from /127.0.0.1:59388 to /127.0.0.1:63161" [_thread_in_native, id=144924, stack(0x000000003a0c0000,0x000000003a1c0000)]
  0x000000001a4f0000 JavaThread "Daemon Thread 9" [_thread_blocked, id=144696, stack(0x0000000039fc0000,0x000000003a0c0000)]
  0x0000000022006800 JavaThread "Java2D Disposer" daemon [_thread_blocked, id=160692, stack(0x00000000354c0000,0x00000000355c0000)]
  0x0000000019eb5800 JavaThread "Memory manager" [_thread_blocked, id=6584, stack(0x00000000214e0000,0x00000000215e0000)]
  0x0000000019eb7000 JavaThread "pool-1-thread-1" [_thread_blocked, id=8816, stack(0x00000000211e0000,0x00000000212e0000)]
  0x000000001a202800 JavaThread "File lock request listener" [_thread_in_native, id=13964, stack(0x000000001c660000,0x000000001c760000)]
  0x000000001a199800 JavaThread "Cache worker for file hash cache (C:\Users\DELL\.gradle\caches\4.1\fileHashes)" [_thread_blocked, id=456, stack(0x000000001c360000,0x000000001c460000)]
  0x000000001a101800 JavaThread "Daemon periodic checks" [_thread_blocked, id=5376, stack(0x000000001ba60000,0x000000001bb60000)]
  0x0000000019b50800 JavaThread "Incoming local TCP Connector on port 59388" [_thread_in_native, id=14776, stack(0x000000001a6b0000,0x000000001a7b0000)]
  0x0000000018460800 JavaThread "Service Thread" daemon [_thread_blocked, id=10316, stack(0x0000000018ce0000,0x0000000018de0000)]
  0x0000000018408000 JavaThread "C1 CompilerThread2" daemon [_thread_blocked, id=2776, stack(0x0000000018be0000,0x0000000018ce0000)]
=>0x00000000170ec000 JavaThread "C2 CompilerThread1" daemon [_thread_in_native, id=15272, stack(0x0000000018ae0000,0x0000000018be0000)]
  0x00000000170ea800 JavaThread "C2 CompilerThread0" daemon [_thread_in_native, id=9792, stack(0x00000000189e0000,0x0000000018ae0000)]
  0x00000000183e8800 JavaThread "Attach Listener" daemon [_thread_blocked, id=7960, stack(0x00000000188e0000,0x00000000189e0000)]
  0x0000000017088800 JavaThread "Signal Dispatcher" daemon [_thread_blocked, id=14736, stack(0x00000000187e0000,0x00000000188e0000)]
  0x00000000036cb800 JavaThread "Finalizer" daemon [_thread_blocked, id=11864, stack(0x00000000182e0000,0x00000000183e0000)]
  0x00000000036c0800 JavaThread "Reference Handler" daemon [_thread_blocked, id=11480, stack(0x00000000181e0000,0x00000000182e0000)]
  0x000000000371e800 JavaThread "main" [_thread_blocked, id=1928, stack(0x0000000003150000,0x0000000003250000)]

Other Threads:
  0x0000000017055800 VMThread [stack: 0x00000000180e0000,0x00000000181e0000] [id=8284]
  0x000000001844f000 WatcherThread [stack: 0x0000000018de0000,0x0000000018ee0000] [id=15220]

VM state:not at safepoint (normal execution)

VM Mutex/Monitor currently owned by a thread: None

Heap:
 PSYoungGen      total 484352K, used 185000K [0x00000000e0000000, 0x0000000100000000, 0x0000000100000000)
  eden space 444416K, 41% used [0x00000000e0000000,0x00000000eb2d5048,0x00000000fb200000)
  from space 39936K, 4% used [0x00000000fd900000,0x00000000fdad5028,0x0000000100000000)
  to   space 39936K, 0% used [0x00000000fb200000,0x00000000fb200000,0x00000000fd900000)
 ParOldGen       total 220160K, used 162449K [0x00000000a0000000, 0x00000000ad700000, 0x00000000e0000000)
  object space 220160K, 73% used [0x00000000a0000000,0x00000000a9ea4400,0x00000000ad700000)
 Metaspace       used 85349K, capacity 91712K, committed 91864K, reserved 1128448K
  class space    used 10709K, capacity 12161K, committed 12288K, reserved 1048576K

Card table byte_map: [0x0000000012ae0000,0x0000000012df0000] byte_map_base: 0x00000000125e0000

Marking Bits: (ParMarkBitMap*) 0x000000005c8b3950
 Begin Bits: [0x00000000133f0000, 0x0000000014bf0000)
 End Bits:   [0x0000000014bf0000, 0x00000000163f0000)

Polling page: 0x00000000013d0000

CodeCache: size=245760Kb used=67090Kb max_used=67094Kb free=178669Kb
 bounds [0x0000000003720000, 0x0000000007930000, 0x0000000012720000]
 total_blobs=19673 nmethods=18715 adapters=870
 compilation: enabled

Compilation events (10 events):
Event: 14104.294 Thread 0x00000000170ec000 nmethod 25093 0x0000000003c4b0d0 code [0x0000000003c4b220, 0x0000000003c4b358]
Event: 14104.302 Thread 0x00000000170ea800 25094       4       java.util.stream.ReferencePipeline::collect (124 bytes)
Event: 14104.308 Thread 0x0000000018408000 25095   !   3       com.android.ide.common.res2.ResourceMerger::mergeItems (519 bytes)
Event: 14104.308 Thread 0x00000000170ec000 25097   !   4       com.android.ide.common.res2.DataMerger::mergeData (603 bytes)
Event: 14104.328 Thread 0x00000000170ea800 nmethod 25094 0x0000000004bb7050 code [0x0000000004bb7260, 0x0000000004bb7ad0]
Event: 14104.332 Thread 0x0000000018408000 nmethod 25095 0x000000000763b490 code [0x000000000763ba80, 0x000000000763fe88]
Event: 14104.332 Thread 0x0000000018408000 25096       3       com.android.ide.common.res2.ResourceMerger::getMergedItem (31 bytes)
Event: 14104.333 Thread 0x0000000018408000 nmethod 25096 0x00000000043594d0 code [0x0000000004359660, 0x0000000004359b78]
Event: 14104.442 Thread 0x0000000018408000 25098   !   3       java.lang.ThreadGroup::addUnstarted (40 bytes)
Event: 14104.444 Thread 0x0000000018408000 nmethod 25098 0x0000000006553b50 code [0x0000000006553cc0, 0x0000000006554088]

GC Heap History (10 events):
Event: 6995.716 GC heap before
{Heap before GC invocations=41 (full 5):
 PSYoungGen      total 478720K, used 442240K [0x00000000e0000000, 0x0000000100000000, 0x0000000100000000)
  eden space 436224K, 100% used [0x00000000e0000000,0x00000000faa00000,0x00000000faa00000)
  from space 42496K, 14% used [0x00000000faa00000,0x00000000fafe0030,0x00000000fd380000)
  to   space 41984K, 0% used [0x00000000fd700000,0x00000000fd700000,0x0000000100000000)
 ParOldGen       total 220160K, used 132605K [0x00000000a0000000, 0x00000000ad700000, 0x00000000e0000000)
  object space 220160K, 60% used [0x00000000a0000000,0x00000000a817f588,0x00000000ad700000)
 Metaspace       used 81943K, capacity 87454K, committed 87640K, reserved 1126400K
  class space    used 10343K, capacity 11616K, committed 11648K, reserved 1048576K
Event: 6996.262 GC heap after
Heap after GC invocations=41 (full 5):
 PSYoungGen      total 479232K, used 20481K [0x00000000e0000000, 0x00000000ffd80000, 0x0000000100000000)
  eden space 439808K, 0% used [0x00000000e0000000,0x00000000e0000000,0x00000000fad80000)
  from space 39424K, 51% used [0x00000000fd700000,0x00000000feb00420,0x00000000ffd80000)
  to   space 40960K, 0% used [0x00000000fad80000,0x00000000fad80000,0x00000000fd580000)
 ParOldGen       total 220160K, used 133919K [0x00000000a0000000, 0x00000000ad700000, 0x00000000e0000000)
  object space 220160K, 60% used [0x00000000a0000000,0x00000000a82c7f10,0x00000000ad700000)
 Metaspace       used 81943K, capacity 87454K, committed 87640K, reserved 1126400K
  class space    used 10343K, capacity 11616K, committed 11648K, reserved 1048576K
}
Event: 7082.032 GC heap before
{Heap before GC invocations=42 (full 5):
 PSYoungGen      total 479232K, used 460289K [0x00000000e0000000, 0x00000000ffd80000, 0x0000000100000000)
  eden space 439808K, 100% used [0x00000000e0000000,0x00000000fad80000,0x00000000fad80000)
  from space 39424K, 51% used [0x00000000fd700000,0x00000000feb00420,0x00000000ffd80000)
  to   space 40960K, 0% used [0x00000000fad80000,0x00000000fad80000,0x00000000fd580000)
 ParOldGen       total 220160K, used 133919K [0x00000000a0000000, 0x00000000ad700000, 0x00000000e0000000)
  object space 220160K, 60% used [0x00000000a0000000,0x00000000a82c7f10,0x00000000ad700000)
 Metaspace       used 84553K, capacity 90352K, committed 90584K, reserved 1128448K
  class space    used 10616K, capacity 11939K, committed 12032K, reserved 1048576K
Event: 7082.339 GC heap after
Heap after GC invocations=42 (full 5):
 PSYoungGen      total 480768K, used 19583K [0x00000000e0000000, 0x00000000ffe80000, 0x0000000100000000)
  eden space 439808K, 0% used [0x00000000e0000000,0x00000000e0000000,0x00000000fad80000)
  from space 40960K, 47% used [0x00000000fad80000,0x00000000fc09fe88,0x00000000fd580000)
  to   space 39424K, 0% used [0x00000000fd800000,0x00000000fd800000,0x00000000ffe80000)
 ParOldGen       total 220160K, used 135143K [0x00000000a0000000, 0x00000000ad700000, 0x00000000e0000000)
  object space 220160K, 61% used [0x00000000a0000000,0x00000000a83f9eb0,0x00000000ad700000)
 Metaspace       used 84553K, capacity 90352K, committed 90584K, reserved 1128448K
  class space    used 10616K, capacity 11939K, committed 12032K, reserved 1048576K
}
Event: 7088.037 GC heap before
{Heap before GC invocations=43 (full 5):
 PSYoungGen      total 480768K, used 458768K [0x00000000e0000000, 0x00000000ffe80000, 0x0000000100000000)
  eden space 439808K, 99% used [0x00000000e0000000,0x00000000face4400,0x00000000fad80000)
  from space 40960K, 47% used [0x00000000fad80000,0x00000000fc09fe88,0x00000000fd580000)
  to   space 39424K, 0% used [0x00000000fd800000,0x00000000fd800000,0x00000000ffe80000)
 ParOldGen       total 220160K, used 135143K [0x00000000a0000000, 0x00000000ad700000, 0x00000000e0000000)
  object space 220160K, 61% used [0x00000000a0000000,0x00000000a83f9eb0,0x00000000ad700000)
 Metaspace       used 84651K, capacity 90464K, committed 90584K, reserved 1128448K
  class space    used 10622K, capacity 11947K, committed 12032K, reserved 1048576K
Event: 7088.087 GC heap after
Heap after GC invocations=43 (full 5):
 PSYoungGen      total 482304K, used 21640K [0x00000000e0000000, 0x00000000ffd80000, 0x0000000100000000)
  eden space 443904K, 0% used [0x00000000e0000000,0x00000000e0000000,0x00000000fb180000)
  from space 38400K, 56% used [0x00000000fd800000,0x00000000fed221e0,0x00000000ffd80000)
  to   space 38912K, 0% used [0x00000000fb180000,0x00000000fb180000,0x00000000fd780000)
 ParOldGen       total 220160K, used 150452K [0x00000000a0000000, 0x00000000ad700000, 0x00000000e0000000)
  object space 220160K, 68% used [0x00000000a0000000,0x00000000a92ed168,0x00000000ad700000)
 Metaspace       used 84651K, capacity 90464K, committed 90584K, reserved 1128448K
  class space    used 10622K, capacity 11947K, committed 12032K, reserved 1048576K
}
Event: 7088.240 GC heap before
{Heap before GC invocations=44 (full 5):
 PSYoungGen      total 482304K, used 464669K [0x00000000e0000000, 0x00000000ffd80000, 0x0000000100000000)
  eden space 443904K, 99% used [0x00000000e0000000,0x00000000fb0a55f8,0x00000000fb180000)
  from space 38400K, 56% used [0x00000000fd800000,0x00000000fed221e0,0x00000000ffd80000)
  to   space 38912K, 0% used [0x00000000fb180000,0x00000000fb180000,0x00000000fd780000)
 ParOldGen       total 220160K, used 150452K [0x00000000a0000000, 0x00000000ad700000, 0x00000000e0000000)
  object space 220160K, 68% used [0x00000000a0000000,0x00000000a92ed168,0x00000000ad700000)
 Metaspace       used 84651K, capacity 90464K, committed 90584K, reserved 1128448K
  class space    used 10622K, capacity 11947K, committed 12032K, reserved 1048576K
Event: 7088.253 GC heap after
Heap after GC invocations=44 (full 5):
 PSYoungGen      total 482816K, used 128K [0x00000000e0000000, 0x0000000100000000, 0x0000000100000000)
  eden space 443904K, 0% used [0x00000000e0000000,0x00000000e0000000,0x00000000fb180000)
  from space 38912K, 0% used [0x00000000fb180000,0x00000000fb1a0000,0x00000000fd780000)
  to   space 39936K, 0% used [0x00000000fd900000,0x00000000fd900000,0x0000000100000000)
 ParOldGen       total 220160K, used 162401K [0x00000000a0000000, 0x00000000ad700000, 0x00000000e0000000)
  object space 220160K, 73% used [0x00000000a0000000,0x00000000a9e98400,0x00000000ad700000)
 Metaspace       used 84651K, capacity 90464K, committed 90584K, reserved 1128448K
  class space    used 10622K, capacity 11947K, committed 12032K, reserved 1048576K
}
Event: 12864.299 GC heap before
{Heap before GC invocations=45 (full 5):
 PSYoungGen      total 482816K, used 444032K [0x00000000e0000000, 0x0000000100000000, 0x0000000100000000)
  eden space 443904K, 100% used [0x00000000e0000000,0x00000000fb180000,0x00000000fb180000)
  from space 38912K, 0% used [0x00000000fb180000,0x00000000fb1a0000,0x00000000fd780000)
  to   space 39936K, 0% used [0x00000000fd900000,0x00000000fd900000,0x0000000100000000)
 ParOldGen       total 220160K, used 162401K [0x00000000a0000000, 0x00000000ad700000, 0x00000000e0000000)
  object space 220160K, 73% used [0x00000000a0000000,0x00000000a9e98400,0x00000000ad700000)
 Metaspace       used 85143K, capacity 91262K, committed 91480K, reserved 1128448K
  class space    used 10668K, capacity 12066K, committed 12160K, reserved 1048576K
Event: 12865.160 GC heap after
Heap after GC invocations=45 (full 5):
 PSYoungGen      total 484352K, used 1876K [0x00000000e0000000, 0x0000000100000000, 0x0000000100000000)
  eden space 444416K, 0% used [0x00000000e0000000,0x00000000e0000000,0x00000000fb200000)
  from space 39936K, 4% used [0x00000000fd900000,0x00000000fdad5028,0x0000000100000000)
  to   space 39936K, 0% used [0x00000000fb200000,0x00000000fb200000,0x00000000fd900000)
 ParOldGen       total 220160K, used 162449K [0x00000000a0000000, 0x00000000ad700000, 0x00000000e0000000)
  object space 220160K, 73% used [0x00000000a0000000,0x00000000a9ea4400,0x00000000ad700000)
 Metaspace       used 85143K, capacity 91262K, committed 91480K, reserved 1128448K
  class space    used 10668K, capacity 12066K, committed 12160K, reserved 1048576K
}

Deoptimization events (10 events):
Event: 7588.537 Thread 0x000000001d400000 Uncommon trap: reason=class_check action=maybe_recompile pc=0x00000000068c7f18 method=org.gradle.api.internal.tasks.CachingTaskDependencyResolveContext$TaskGraphImpl.getNodeValues(Ljava/lang/Object;Ljava/util/Collection;Ljava/util/Collection;)V @ 59
Event: 7591.466 Thread 0x000000001d400000 Uncommon trap: reason=speculate_class_check action=maybe_recompile pc=0x00000000073bae60 method=com.android.utils.PositionXmlParser.getPositionHelper(Lorg/w3c/dom/Node;II)Lcom/android/utils/PositionXmlParser$Position; @ 110
Event: 7591.466 Thread 0x000000001d400000 Uncommon trap: reason=speculate_class_check action=maybe_recompile pc=0x00000000073bae60 method=com.android.utils.PositionXmlParser.getPositionHelper(Lorg/w3c/dom/Node;II)Lcom/android/utils/PositionXmlParser$Position; @ 110
Event: 7591.466 Thread 0x000000001d400000 Uncommon trap: reason=speculate_class_check action=maybe_recompile pc=0x00000000073bae60 method=com.android.utils.PositionXmlParser.getPositionHelper(Lorg/w3c/dom/Node;II)Lcom/android/utils/PositionXmlParser$Position; @ 110
Event: 7591.466 Thread 0x000000001d400000 Uncommon trap: reason=speculate_class_check action=maybe_recompile pc=0x00000000073bae60 method=com.android.utils.PositionXmlParser.getPositionHelper(Lorg/w3c/dom/Node;II)Lcom/android/utils/PositionXmlParser$Position; @ 110
Event: 7597.206 Thread 0x000000001a4f4800 Uncommon trap: reason=unstable_if action=reinterpret pc=0x0000000003976648 method=com.google.common.cache.LocalCache$AccessQueue.contains(Ljava/lang/Object;)Z @ 14
Event: 7597.209 Thread 0x000000001a4f4800 Uncommon trap: reason=unstable_if action=reinterpret pc=0x0000000004decc90 method=com.google.common.cache.LocalCache$Segment.drainRecencyQueue()V @ 27
Event: 14097.559 Thread 0x000000001a4f4800 Uncommon trap: reason=class_check action=maybe_recompile pc=0x0000000005867b98 method=java.lang.reflect.Array.newInstance(Ljava/lang/Class;I)Ljava/lang/Object; @ 2
Event: 14097.607 Thread 0x000000001a4f4800 Uncommon trap: reason=class_check action=maybe_recompile pc=0x0000000005867b98 method=java.lang.reflect.Array.newInstance(Ljava/lang/Class;I)Ljava/lang/Object; @ 2
Event: 14103.999 Thread 0x000000001a4f4000 Uncommon trap: reason=bimorphic action=maybe_recompile pc=0x000000000470ea44 method=org.gradle.api.internal.changedetection.state.AbstractNormalizedFileSnapshot.compareTo(Lorg/gradle/api/internal/changedetection/state/NormalizedFileSnapshot;)I @ 1

Classes redefined (0 events):
No events

Internal exceptions (10 events):
Event: 14101.562 Thread 0x000000001a4f4000 Exception <a 'sun/nio/fs/WindowsException'> (0x00000000e4d1de98) thrown at [D:\src\AOSP-openjdk-cygwin\jdk8u\hotspot\src\share\vm\prims\jni.cpp, line 709]
Event: 14101.562 Thread 0x000000001a4f4000 Exception <a 'sun/nio/fs/WindowsException'> (0x00000000e4d1e960) thrown at [D:\src\AOSP-openjdk-cygwin\jdk8u\hotspot\src\share\vm\prims\jni.cpp, line 709]
Event: 14101.563 Thread 0x000000001a4f4000 Exception <a 'sun/nio/fs/WindowsException'> (0x00000000e4d22840) thrown at [D:\src\AOSP-openjdk-cygwin\jdk8u\hotspot\src\share\vm\prims\jni.cpp, line 709]
Event: 14101.563 Thread 0x000000001a4f4000 Exception <a 'sun/nio/fs/WindowsException'> (0x00000000e4d23338) thrown at [D:\src\AOSP-openjdk-cygwin\jdk8u\hotspot\src\share\vm\prims\jni.cpp, line 709]
Event: 14101.564 Thread 0x000000001a4f4000 Exception <a 'sun/nio/fs/WindowsException'> (0x00000000e4d24e60) thrown at [D:\src\AOSP-openjdk-cygwin\jdk8u\hotspot\src\share\vm\prims\jni.cpp, line 709]
Event: 14101.565 Thread 0x000000001a4f4000 Exception <a 'sun/nio/fs/WindowsException'> (0x00000000e4d25998) thrown at [D:\src\AOSP-openjdk-cygwin\jdk8u\hotspot\src\share\vm\prims\jni.cpp, line 709]
Event: 14101.566 Thread 0x000000001a4f4000 Exception <a 'sun/nio/fs/WindowsException'> (0x00000000e4d28170) thrown at [D:\src\AOSP-openjdk-cygwin\jdk8u\hotspot\src\share\vm\prims\jni.cpp, line 709]
Event: 14101.566 Thread 0x000000001a4f4000 Exception <a 'sun/nio/fs/WindowsException'> (0x00000000e4d28cd8) thrown at [D:\src\AOSP-openjdk-cygwin\jdk8u\hotspot\src\share\vm\prims\jni.cpp, line 709]
Event: 14101.566 Thread 0x000000001a4f4000 Exception <a 'sun/nio/fs/WindowsException'> (0x00000000e4d2a878) thrown at [D:\src\AOSP-openjdk-cygwin\jdk8u\hotspot\src\share\vm\prims\jni.cpp, line 709]
Event: 14101.568 Thread 0x000000001a4f4000 Exception <a 'sun/nio/fs/WindowsException'> (0x00000000e4d2b208) thrown at [D:\src\AOSP-openjdk-cygwin\jdk8u\hotspot\src\share\vm\prims\jni.cpp, line 709]

Events (10 events):
Event: 14104.444 Thread 0x000000001d401800 Thread added: 0x000000001d401800
Event: 14104.477 Thread 0x000000001d3fc000 Thread added: 0x000000001d3fc000
Event: 14104.478 Thread 0x000000001d404800 Thread added: 0x000000001d404800
Event: 14104.513 Thread 0x000000001d403800 Thread added: 0x000000001d403800
Event: 14104.513 Thread 0x000000001d407800 Thread added: 0x000000001d407800
Event: 14104.585 Executing VM operation: RevokeBias
Event: 14104.591 Executing VM operation: RevokeBias done
Event: 14104.592 Executing VM operation: RevokeBias
Event: 14104.592 Executing VM operation: RevokeBias done
Event: 14104.647 Thread 0x000000001d409000 Thread added: 0x000000001d409000


Dynamic libraries:
0x00007ff6dc960000 - 0x00007ff6dc991000 	E:\ruanjiananzhuang\androidstudio\jre\bin\java.exe
0x00007ffb9b810000 - 0x00007ffb9b9f1000 	C:\WINDOWS\SYSTEM32\ntdll.dll
0x00007ffb99af0000 - 0x00007ffb99ba2000 	C:\WINDOWS\System32\KERNEL32.DLL
0x00007ffb987c0000 - 0x00007ffb98a33000 	C:\WINDOWS\System32\KERNELBASE.dll
0x00007ffb99840000 - 0x00007ffb998e1000 	C:\WINDOWS\System32\ADVAPI32.dll
0x00007ffb9a010000 - 0x00007ffb9a0ae000 	C:\WINDOWS\System32\msvcrt.dll
0x00007ffb99a80000 - 0x00007ffb99adb000 	C:\WINDOWS\System32\sechost.dll
0x00007ffb99d10000 - 0x00007ffb99e34000 	C:\WINDOWS\System32\RPCRT4.dll
0x00007ffb998f0000 - 0x00007ffb99a80000 	C:\WINDOWS\System32\USER32.dll
0x00007ffb98040000 - 0x00007ffb98060000 	C:\WINDOWS\System32\win32u.dll
0x00007ffb99810000 - 0x00007ffb99838000 	C:\WINDOWS\System32\GDI32.dll
0x00007ffb98250000 - 0x00007ffb983e2000 	C:\WINDOWS\System32\gdi32full.dll
0x00007ffb98710000 - 0x00007ffb987af000 	C:\WINDOWS\System32\msvcp_win.dll
0x00007ffb98610000 - 0x00007ffb9870a000 	C:\WINDOWS\System32\ucrtbase.dll
0x00007ffb8b3b0000 - 0x00007ffb8b619000 	C:\WINDOWS\WinSxS\amd64_microsoft.windows.common-controls_6595b64144ccf1df_6.0.17134.407_none_fb449d63306391e9\COMCTL32.dll
0x00007ffb994e0000 - 0x00007ffb99802000 	C:\WINDOWS\System32\combase.dll
0x00007ffb983f0000 - 0x00007ffb9846a000 	C:\WINDOWS\System32\bcryptPrimitives.dll
0x00007ffb99400000 - 0x00007ffb9942d000 	C:\WINDOWS\System32\IMM32.DLL
0x000000005e4c0000 - 0x000000005e592000 	E:\ruanjiananzhuang\androidstudio\jre\jre\bin\msvcr100.dll
0x000000005c0f0000 - 0x000000005c92e000 	E:\ruanjiananzhuang\androidstudio\jre\jre\bin\server\jvm.dll
0x00007ffb98470000 - 0x00007ffb98493000 	C:\WINDOWS\System32\WINMM.dll
0x00007ffb97870000 - 0x00007ffb9789a000 	C:\WINDOWS\System32\WINMMBASE.dll
0x00007ffb98a40000 - 0x00007ffb98a89000 	C:\WINDOWS\System32\cfgmgr32.dll
0x00007ffb9b7d0000 - 0x00007ffb9b7d8000 	C:\WINDOWS\System32\PSAPI.DLL
0x00007ffb964f0000 - 0x00007ffb964f9000 	C:\WINDOWS\SYSTEM32\WSOCK32.dll
0x00007ffb991b0000 - 0x00007ffb9921c000 	C:\WINDOWS\System32\WS2_32.dll
0x00007ffb90670000 - 0x00007ffb9067a000 	C:\WINDOWS\SYSTEM32\VERSION.dll
0x00007ffb94330000 - 0x00007ffb9433f000 	E:\ruanjiananzhuang\androidstudio\jre\jre\bin\verify.dll
0x00007ffb8fd20000 - 0x00007ffb8fd49000 	E:\ruanjiananzhuang\androidstudio\jre\jre\bin\java.dll
0x00007ffb8fd00000 - 0x00007ffb8fd16000 	E:\ruanjiananzhuang\androidstudio\jre\jre\bin\zip.dll
0x00007ffb9a390000 - 0x00007ffb9b7cf000 	C:\WINDOWS\System32\SHELL32.dll
0x00007ffb99430000 - 0x00007ffb994d9000 	C:\WINDOWS\System32\shcore.dll
0x00007ffb978e0000 - 0x00007ffb97fed000 	C:\WINDOWS\System32\windows.storage.dll
0x00007ffb993a0000 - 0x00007ffb993f1000 	C:\WINDOWS\System32\shlwapi.dll
0x00007ffb978a0000 - 0x00007ffb978b1000 	C:\WINDOWS\System32\kernel.appcore.dll
0x00007ffb97850000 - 0x00007ffb9786f000 	C:\WINDOWS\System32\profapi.dll
0x00007ffb97ff0000 - 0x00007ffb9803c000 	C:\WINDOWS\System32\powrprof.dll
0x00007ffb97840000 - 0x00007ffb9784a000 	C:\WINDOWS\System32\FLTLIB.DLL
0x00007ffb8fc50000 - 0x00007ffb8fc6a000 	E:\ruanjiananzhuang\androidstudio\jre\jre\bin\net.dll
0x00007ffb970a0000 - 0x00007ffb97106000 	C:\WINDOWS\system32\mswsock.dll
0x00007ffb8c240000 - 0x00007ffb8c251000 	E:\ruanjiananzhuang\androidstudio\jre\jre\bin\nio.dll
0x00007ffb8c220000 - 0x00007ffb8c23e000 	C:\Users\DELL\.gradle\native\25\windows-amd64\native-platform.dll
0x00007ffb8fc40000 - 0x00007ffb8fc4d000 	E:\ruanjiananzhuang\androidstudio\jre\jre\bin\management.dll
0x00007ffb97250000 - 0x00007ffb97267000 	C:\WINDOWS\SYSTEM32\CRYPTSP.dll
0x00007ffb96c80000 - 0x00007ffb96cb3000 	C:\WINDOWS\system32\rsaenh.dll
0x00007ffb97380000 - 0x00007ffb973a5000 	C:\WINDOWS\SYSTEM32\bcrypt.dll
0x00007ffb97770000 - 0x00007ffb97798000 	C:\WINDOWS\SYSTEM32\USERENV.dll
0x00007ffb97270000 - 0x00007ffb9727b000 	C:\WINDOWS\SYSTEM32\CRYPTBASE.dll
0x00007ffb96e20000 - 0x00007ffb96e58000 	C:\WINDOWS\SYSTEM32\IPHLPAPI.DLL
0x00007ffb99ae0000 - 0x00007ffb99ae8000 	C:\WINDOWS\System32\NSI.dll
0x00007ffb8bfc0000 - 0x00007ffb8bfd6000 	C:\WINDOWS\SYSTEM32\dhcpcsvc6.DLL
0x00007ffb8bf20000 - 0x00007ffb8bf3a000 	C:\WINDOWS\SYSTEM32\dhcpcsvc.DLL
0x00007ffb96910000 - 0x00007ffb96941000 	C:\WINDOWS\SYSTEM32\ntmarta.dll
0x00007ffb8a040000 - 0x00007ffb8a1d5000 	E:\ruanjiananzhuang\androidstudio\jre\jre\bin\awt.dll
0x00007ffb98c90000 - 0x00007ffb98d52000 	C:\WINDOWS\System32\OLEAUT32.dll
0x00007ffb948e0000 - 0x00007ffb94ea7000 	C:\WINDOWS\SYSTEM32\d2d1.dll
0x00007ffb958a0000 - 0x00007ffb9592b000 	C:\WINDOWS\SYSTEM32\apphelp.dll
0x00007ffb95cb0000 - 0x00007ffb95cd9000 	C:\WINDOWS\system32\DWMAPI.DLL
0x00007ffb95a20000 - 0x00007ffb95ab8000 	C:\WINDOWS\system32\uxtheme.dll

VM Arguments:
jvm_args: -Xmx1536m -Dfile.encoding=GBK -Duser.country=CN -Duser.language=zh -Duser.variant 
java_command: org.gradle.launcher.daemon.bootstrap.GradleDaemon 4.1
java_class_path (initial): C:\Users\DELL\.gradle\wrapper\dists\gradle-4.1-all\bzyivzo6n839fup2jbap0tjew\gradle-4.1\lib\gradle-launcher-4.1.jar
Launcher Type: SUN_STANDARD

Environment Variables:
JAVA_HOME=C:\Program Files\Java\jdk1.7.0_71
PATH=C:\Program Files (x86)\Intel\iCLS Client\;C:\Program Files\Intel\iCLS Client\;C:\Windows\system32;C:\Windows;C:\Windows\System32\Wbem;C:\Windows\System32\WindowsPowerShell\v1.0\;C:\Program Files (x86)\Intel\Intel(R) Management Engine Components\DAL;C:\Program Files\Intel\Intel(R) Management Engine Components\DAL;C:\Program Files (x86)\Intel\Intel(R) Management Engine Components\IPT;C:\Program Files\Intel\Intel(R) Management Engine Components\IPT;C:\Program Files (x86)\NVIDIA Corporation\PhysX\Common;C:\Program Files\Java\jdk1.7.0_71\bin;C:\Program Files (x86)\MySQL\MySQL Server 5.0\bin;C:\Program Files (x86)\MySQL\MySQL Server 5.5\bin;C:\WINDOWS\system32;C:\WINDOWS;C:\WINDOWS\System32\Wbem;C:\WINDOWS\System32\WindowsPowerShell\v1.0\;C:\WINDOWS\System32\OpenSSH\;C:\Program Files\Intel\WiFi\bin\;C:\Program Files\Common Files\Intel\WirelessCommon\;E:\ruanjiananzhuang\Git\Git\cmd;C:\Program Files\TortoiseSVN\bin;C:\Users\DELL\AppData\Local\Microsoft\WindowsApps;
USERNAME=DELL
OS=Windows_NT
PROCESSOR_IDENTIFIER=Intel64 Family 6 Model 94 Stepping 3, GenuineIntel



---------------  S Y S T E M  ---------------

OS: Windows 10.0 , 64 bit Build 17134 (10.0.17134.1)

CPU:total 4 (initial active 4) (4 cores per cpu, 1 threads per core) family 6 model 94 stepping 3, cmov, cx8, fxsr, mmx, sse, sse2, sse3, ssse3, sse4.1, sse4.2, popcnt, avx, avx2, aes, clmul, erms, rtm, 3dnowpref, lzcnt, tsc, tscinvbit, bmi1, bmi2, adx

Memory: 4k page, physical 4053576k(183336k free), swap 9296708k(6152k free)

vm_info: OpenJDK 64-Bit Server VM (25.152-b01) for windows-amd64 JRE (1.8.0_152-release-915-b01), built by "builder" with MS VC++ 10.0 (VS2010)

time: Thu Dec 06 12:13:25 2018
elapsed time: 14104 seconds (0d 3h 55m 4s)

